#
# There is insufficient memory for the Java Runtime Environment to continue.
# Native memory allocation (malloc) failed to allocate 1048576 bytes for AllocateHeap
# Possible reasons:
#   The system is out of physical RAM or swap space
#   The process is running with CompressedOops enabled, and the Java Heap may be blocking the growth of the native heap
# Possible solutions:
#   Reduce memory load on the system
#   Increase physical memory or swap space
#   Check if swap backing store is full
#   Decrease Java heap size (-Xmx/-Xms)
#   Decrease number of Java threads
#   Decrease Java thread stack sizes (-Xss)
#   Set larger code cache with -XX:ReservedCodeCacheSize=
#   JVM is running with Unscaled Compressed Oops mode in which the Java heap is
#     placed in the first 4GB address space. The Java Heap base address is the
#     maximum limit for the native heap growth. Please use -XX:HeapBaseMinAddress
#     to set the Java Heap base and to place the Java Heap above 4GB virtual address.
# This output file may be truncated or incomplete.
#
#  Out of Memory Error (t:/workspace/open/src/hotspot/share/memory/allocation.cpp:46), pid=22924, tid=16236
#
# JRE version:  (12.0.2+10) (build )
# Java VM: Java HotSpot(TM) 64-Bit Server VM (12.0.2+10, mixed mode, aot, sharing, tiered, compressed oops, g1 gc, windows-amd64)
# No core dump will be written. Minidumps are not enabled by default on client versions of Windows
#

---------------  S U M M A R Y ------------

Command Line: -Dfile.encoding=Cp1252 GamesSortedArrayBagDriver

Host: Intel(R) Core(TM) i7-10510U CPU @ 1.80GHz, 8 cores, 7G,  Windows 10 , 64 bit Build 18362 (10.0.18362.959)
Time: Mon Aug  3 18:37:42 2020 Central Daylight Time elapsed time: 1 seconds (0d 0h 0m 1s)

---------------  T H R E A D  ---------------

Current thread (0x00000259e7974800):  JavaThread "Unknown thread" [_thread_in_vm, id=16236, stack(0x000000f610200000,0x000000f610300000)]

Stack: [0x000000f610200000,0x000000f610300000]
Native frames: (J=compiled Java code, j=interpreted, Vv=VM code, C=native code)
V  [jvm.dll+0x63aa2a]
V  [jvm.dll+0x78ce1e]
V  [jvm.dll+0x78e4c1]
V  [jvm.dll+0x78eb13]
V  [jvm.dll+0x2627e8]
V  [jvm.dll+0xbcabf]
V  [jvm.dll+0x2f3f29]
V  [jvm.dll+0x2ea907]
V  [jvm.dll+0x767257]
V  [jvm.dll+0x7689f5]
V  [jvm.dll+0x380059]
V  [jvm.dll+0x74b794]
V  [jvm.dll+0x3ef5cd]
V  [jvm.dll+0x3f1471]
C  [jli.dll+0x51cf]
C  [ucrtbase.dll+0x20e82]
C  [KERNEL32.DLL+0x17bd4]
C  [ntdll.dll+0x6ce51]


---------------  P R O C E S S  ---------------

Threads class SMR info:
_java_thread_list=0x00007ffda4947928, length=0, elements={
}

Java Threads: ( => current thread )

Other Threads:

[error occurred during error reporting (printing all threads), id 0xc0000005, EXCEPTION_ACCESS_VIOLATION (0xc0000005) at pc=0x00007ffda45c04c7]

VM state:not at safepoint (not fully initialized)

VM Mutex/Monitor currently owned by a thread: None


[error occurred during error reporting (printing compressed oops mode), id 0xc0000005, EXCEPTION_ACCESS_VIOLATION (0xc0000005) at pc=0x00007ffda45d8097]

GC Heap History (0 events):
No events

Deoptimization events (0 events):
No events

Classes redefined (0 events):
No events

Internal exceptions (0 events):
No events

Events (0 events):
No events


Dynamic libraries:
0x00007ff75f010000 - 0x00007ff75f01f000 	C:\Program Files\Java\jdk-12.0.2\bin\javaw.exe
0x00007ffdf33a0000 - 0x00007ffdf3590000 	C:\windows\SYSTEM32\ntdll.dll
0x00007ffdf20f0000 - 0x00007ffdf21a2000 	C:\windows\System32\KERNEL32.DLL
0x00007ffdf0820000 - 0x00007ffdf0ac4000 	C:\windows\System32\KERNELBASE.dll
0x00007ffdf03c0000 - 0x00007ffdf04ba000 	C:\windows\System32\ucrtbase.dll
0x00007ffdda130000 - 0x00007ffdda148000 	C:\Program Files\Java\jdk-12.0.2\bin\jli.dll
0x00007ffdf31b0000 - 0x00007ffdf3253000 	C:\windows\System32\ADVAPI32.dll
0x00007ffdf1780000 - 0x00007ffdf181e000 	C:\windows\System32\msvcrt.dll
0x00007ffdf32c0000 - 0x00007ffdf3357000 	C:\windows\System32\sechost.dll
0x00007ffdf1660000 - 0x00007ffdf1780000 	C:\windows\System32\RPCRT4.dll
0x00007ffdf26a0000 - 0x00007ffdf2834000 	C:\windows\System32\USER32.dll
0x00007ffdf0c40000 - 0x00007ffdf0c61000 	C:\windows\System32\win32u.dll
0x00007ffdf2ff0000 - 0x00007ffdf3016000 	C:\windows\System32\GDI32.dll
0x00007ffdf0680000 - 0x00007ffdf0816000 	C:\windows\System32\gdi32full.dll
0x00007ffdf0320000 - 0x00007ffdf03be000 	C:\windows\System32\msvcp_win.dll
0x00007ffdd3590000 - 0x00007ffdd3814000 	C:\windows\WinSxS\amd64_microsoft.windows.common-controls_6595b64144ccf1df_6.0.18362.959_none_e6c7bbbf130c62bb\COMCTL32.dll
0x00007ffdf1950000 - 0x00007ffdf1c85000 	C:\windows\System32\combase.dll
0x00007ffdf0600000 - 0x00007ffdf0680000 	C:\windows\System32\bcryptPrimitives.dll
0x00007ffde6d90000 - 0x00007ffde6d9a000 	C:\windows\SYSTEM32\VERSION.dll
0x00007ffdda0c0000 - 0x00007ffdda0d6000 	C:\Program Files\Java\jdk-12.0.2\bin\VCRUNTIME140.dll
0x00007ffdf28c0000 - 0x00007ffdf28ee000 	C:\windows\System32\IMM32.DLL
0x00007ffdceff0000 - 0x00007ffdcf09a000 	C:\Program Files\Java\jdk-12.0.2\bin\msvcp140.dll
0x00007ffda3e70000 - 0x00007ffda49e7000 	C:\Program Files\Java\jdk-12.0.2\bin\server\jvm.dll
0x00007ffdf28f0000 - 0x00007ffdf28f8000 	C:\windows\System32\PSAPI.DLL
0x00007ffde7960000 - 0x00007ffde7969000 	C:\windows\SYSTEM32\WSOCK32.dll
0x00007ffdf3020000 - 0x00007ffdf308f000 	C:\windows\System32\WS2_32.dll
0x00007ffdea410000 - 0x00007ffdea434000 	C:\windows\SYSTEM32\WINMM.dll
0x00007ffdea3e0000 - 0x00007ffdea40d000 	C:\windows\SYSTEM32\WINMMBASE.dll
0x00007ffdf0c70000 - 0x00007ffdf0cba000 	C:\windows\System32\cfgmgr32.dll
0x00007ffdf0260000 - 0x00007ffdf0271000 	C:\windows\System32\kernel.appcore.dll
0x00007ffdce9b0000 - 0x00007ffdce9c1000 	C:\Program Files\Java\jdk-12.0.2\bin\verify.dll
0x00007ffdeeb80000 - 0x00007ffdeed74000 	C:\windows\SYSTEM32\DBGHELP.DLL
0x00007ffdd3a70000 - 0x00007ffdd3a9a000 	C:\windows\SYSTEM32\dbgcore.DLL
0x00007ffdce980000 - 0x00007ffdce9a6000 	C:\Program Files\Java\jdk-12.0.2\bin\java.dll
0x00007ffdc3360000 - 0x00007ffdc3377000 	C:\Program Files\Java\jdk-12.0.2\bin\zip.dll
0x00007ffde7950000 - 0x00007ffde795a000 	C:\Program Files\Java\jdk-12.0.2\bin\jimage.dll

dbghelp: loaded successfully - version: 4.0.5 - missing functions: none
symbol engine: initialized successfully - sym options: 0x614 - pdb path: .;C:\Program Files\Java\jdk-12.0.2\bin;C:\windows\SYSTEM32;C:\windows\WinSxS\amd64_microsoft.windows.common-controls_6595b64144ccf1df_6.0.18362.959_none_e6c7bbbf130c62bb;C:\Program Files\Java\jdk-12.0.2\bin\server

VM Arguments:
jvm_args: -Dfile.encoding=Cp1252 
java_command: GamesSortedArrayBagDriver
java_class_path (initial): C:\Java programming\Assigment 2\bin
Launcher Type: SUN_STANDARD

[Global flags]
     intx CICompilerCount                          = 4                                         {product} {ergonomic}
     uint G1ConcRefinementThreads                  = 8                                         {product} {ergonomic}
   size_t G1HeapRegionSize                         = 1048576                                   {product} {ergonomic}
    uintx GCDrainStackTargetSize                   = 64                                        {product} {ergonomic}
   size_t InitialHeapSize                          = 132120576                                 {product} {ergonomic}
   size_t MaxHeapSize                              = 2097152000                                {product} {ergonomic}
   size_t MinHeapDeltaBytes                        = 1048576                                   {product} {ergonomic}
    uintx NonNMethodCodeHeapSize                   = 5836300                                {pd product} {ergonomic}
    uintx NonProfiledCodeHeapSize                  = 122910970                              {pd product} {ergonomic}
    uintx ProfiledCodeHeapSize                     = 122910970                              {pd product} {ergonomic}
    uintx ReservedCodeCacheSize                    = 251658240                              {pd product} {ergonomic}
     bool SegmentedCodeCache                       = true                                      {product} {ergonomic}
     bool UseCompressedClassPointers               = true                                 {lp64_product} {ergonomic}
     bool UseCompressedOops                        = true                                 {lp64_product} {ergonomic}
     bool UseG1GC                                  = true                                      {product} {ergonomic}
     bool UseLargePagesIndividualAllocation        = false                                  {pd product} {ergonomic}

Logging:
Log output configuration:
 #0: stdout all=warning uptime,level,tags
 #1: stderr all=off uptime,level,tags

Environment Variables:
PATH=C:/Program Files/Java/jdk-12.0.2/bin/server;C:/Program Files/Java/jdk-12.0.2/bin;C:\windows\system32;C:\windows;C:\windows\System32\Wbem;C:\windows\System32\WindowsPowerShell\v1.0\;C:\windows\System32\OpenSSH\;C:\Program Files\Java\jdk-12.0.2\bin;C:\Java programming\Git\cmd;C:\Users\lchri\AppData\Local\Microsoft\WindowsApps;C:\Users\lchri\AppData\Local\atom\bin;C:\windows\system32;
USERNAME=lchri
OS=Windows_NT
PROCESSOR_IDENTIFIER=Intel64 Family 6 Model 142 Stepping 12, GenuineIntel



---------------  S Y S T E M  ---------------

OS: Windows 10 , 64 bit Build 18362 (10.0.18362.959)

CPU:total 8 (initial active 8) (4 cores per cpu, 2 threads per core) family 6 model 142 stepping 12, cmov, cx8, fxsr, mmx, sse, sse2, sse3, ssse3, sse4.1, sse4.2, popcnt, avx, avx2, aes, clmul, erms, 3dnowpref, lzcnt, ht, tsc, tscinvbit, bmi1, bmi2, adx, fma

Memory: 4k page, system-wide physical 7995M (1628M free)
TotalPageFile size 23162M (AvailPageFile size 6M)
current process WorkingSet (physical memory assigned to process): 9M, peak: 9M
current process commit charge ("private bytes"): 15M, peak: 16M

vm_info: Java HotSpot(TM) 64-Bit Server VM (12.0.2+10) for windows-amd64 JRE (12.0.2+10), built on Jul 16 2019 01:56:17 by "mach5one" with MS VC++ 15.5 (VS2017)

END.
